748
748
692
341
251
99
690
544
570
201
845
300
122
59
685
328
159
691
618
902
823
249
757
751
933
52
843
711
569
827
778
475
464
864
215
258
274
167
943
735
117
870
399
353
560
245
720
28
839
464
285
321
406
538
836
332
149
292
806
950
38
74
959
66
469
398
399
701
652
859
386
802
994
440
863
545
150
475
595
223
985
57
45
774
51
692
667
202
62
164
884
194
660
829
346
204
57
946
478
849
431
221
282
186
377
208
741
592
881
506
573
914
491
586
697
254
815
822
961
100
298
574
770
197
646
725
539
977
99
931
278
573
669
593
493
945
581
118
515
678
24
928
829
474
228
966
756
76
38
888
989
459
963
360
745
696
406
684
131
762
343
379
357
593
83
267
457
276
727
812
792
221
461
267
644
711
660
515
24
711
753
884
535
585
388
973
256
3
224
396
66
621
348
156
748
855
774
619
252
408
503
72
42
283
650
409
473
69
151
474
6
631
79
200
481
371
177
53
378
350
657
650
321
14
462
152
474
772
133
877
416
908
507
318
201
457
259
8
56
175
931
962
577
843
780
293
134
654
760
108
145
664
590
93
812
371
650
689
914
299
651
36
967
544
302
415
75
812
424
414
144
634
607
984
622
530
578
276
44
190
442
393
7
156
364
640
284
709
666
880
317
575
516
158
843
494
162
471
380
961
834
675
318
377
140
278
71
89
314
596
621
339
910
32
236
958
678
230
914
31
840
144
569
85
375
978
115
789
285
782
914
576
610
388
549
797
716
119
14
43
657
849
151
439
982
761
945
815
398
844
966
716
636
837
562
648
569
70
104
593
842
909
526
542
807
982
877
78
809
604
630
679
891
24
455
590
938
275
70
398
328
67
677
394
344
738
943
643
903
116
795
627
922
253
536
58
792
425
514
202
754
319
124
985
311
899
770
759
532
660
916
733
54
376
613
439
330
302
237
431
923
259
746
472
375
684
658
236
164
416
671
405
96
951
51
907
891
920
682
69
153
639
987
515
251
767
370
492
53
560
531
599
611
632
370
221
782
445
123
117
734
690
439
490
659
72
96
469
557
658
344
662
744
581
808
254
14
670
687
883
821
899
587
67
945
413
40
980
143
266
406
139
224
258
165
43
563
662
232
560
564
466
350
952
491
249
110
950
364
545
13
986
25
720
310
34
405
777
976
184
502
825
149
506
372
491
930
295
727
960
429
670
695
747
867
1
707
710
234
251
849
735
387
154
981
261
87
50
57
839
321
768
802
958
706
886
810
796
339
351
671
652
934
541
716
121
967
797
510
726
57
877
96
442
851
705
819
670
664
15
203
590
430
81
326
727
751
224
705
622
908
77
913
783
645
79
378
685
430
511
965
647
39
90
368
525
617
303
290
848
282
587
897
128
838
663
208
258
217
98
606
876
201
226
923
580
411
120
790
790
776
949
686
592
284
583
836
389
102
673
339
400
630
815
412
70
478
735
282
164
460
100
859
513
838
363
784
84
392
156
720
299
856
135
68
864
117
494
355
835
577
136
638
37
767
470
139
921
158
264
715
941
6
572
518
530
855
356
185
245
954
593
330
544
662
280
165
133
657
145
210
191
921
285
63
78
502
682
197
130
215
785
657
35
280
595
787
222
784
541
875
415
756
771
726
410
767
400
587
153
958
719
298
28
778
920
283
932
11
573
334
772
23
664
973
712
785
714
538
846
824
633
253
536
288
979
718
851
344
56
359
38
389
235
640
712
809
556
263
612
979
929
873
819
735
911
226
180
719
194
270
501
300
100
171
727
491
633
532
532
944
523
177
232
806
620
149
204
591
785
934
161
619
249
942
221
299
87
751
886
782
859
32
74
765
17
283
704
995
194
256
642
830
521
470
270
690
653
651
220
581
63
808
503
757
538
846
169
192
360
397
423
631
199
540
412
952
210
495
101
266
579
997
455
873
133
961
413
782
949
645
171
1
641
971
495
496
39
305
263
854
280
53
487
94
459
633
151
845
328
941
903
814
465
754
263
288
876
704
786
126
561
823
234
720
635
939
268
200
56
525
77
694
843
416
452
170
194
999
235
798
344
258
217
801
390
458
750
433
217
943
84
805
146
466
641
442
906
241
33
444
861
941
291
109
128
629
819
190
411
300
840
626
705
331
678
495
471
137
765
163
819
587
833
339
134
168
816
130
240
593
164
78
212
348
917
482
681
692
394
166
541
736
514
121
584
214
848
623
306
211
17
702
327
855
283
779
128
829
228
435
856
835
952
660
638
873
391
732
103
