99
201
159
249
933
843
711
735
117
399
285
321
399
57
45
51
57
849
741
573
99
573
669
945
459
963
357
267
267
711
711
753
585
3
621
855
69
177
657
321
507
201
843
93
651
75
393
843
471
675
621
339
375
789
285
549
657
849
945
837
909
807
891
903
795
627
759
237
375
405
951
51
891
69
153
639
987
531
123
117
687
945
165
249
405
777
825
429
747
867
849
735
387
981
261
87
57
321
339
351
57
705
819
15
81
705
783
645
39
525
303
897
663
201
411
339
735
513
363
135
117
921
855
165
657
921
285
63
657
771
153
573
633
873
819
735
501
171
633
177
591
249
87
765
651
63
423
495
579
873
645
171
495
39
459
633
903
465
561
939
525
843
999
801
33
861
291
819
411
705
495
471
765
819
339
681
327
855
435
873
