748
748
692
690
544
570
300
122
328
618
902
52
778
464
864
258
274
870
560
720
28
464
406
538
836
332
292
806
950
38
74
66
398
652
386
802
994
440
150
774
692
202
62
164
884
194
660
346
204
946
478
282
186
208
592
506
914
586
254
822
100
298
574
770
646
278
118
678
24
928
474
228
966
756
76
38
888
360
696
406
684
762
276
812
792
644
660
24
884
388
256
224
396
66
348
156
748
774
252
408
72
42
650
474
6
200
378
350
650
14
462
152
474
772
416
908
318
8
56
962
780
134
654
760
108
664
590
812
650
914
36
544
302
812
424
414
144
634
984
622
530
578
276
44
190
442
156
364
640
284
666
880
516
158
494
162
380
834
318
140
278
314
596
910
32
236
958
678
230
914
840
144
978
782
914
576
610
388
716
14
982
398
844
966
716
636
562
648
70
104
842
526
542
982
78
604
630
24
590
938
70
398
328
394
344
738
116
922
536
58
792
514
202
754
124
770
532
660
916
54
376
330
302
746
472
684
658
236
164
416
96
920
682
370
492
560
632
370
782
734
690
490
72
96
658
344
662
744
808
254
14
670
40
980
266
406
224
258
662
232
560
564
466
350
952
110
950
364
986
720
310
34
976
184
502
506
372
930
960
670
710
234
154
50
768
802
958
706
886
810
796
652
934
716
510
726
96
442
670
664
590
430
326
224
622
908
378
430
90
368
290
848
282
128
838
208
258
98
606
876
226
580
120
790
790
776
686
592
284
836
102
400
630
412
70
478
282
164
460
100
838
784
84
392
156
720
856
68
864
494
136
638
470
158
264
6
572
518
530
356
954
330
544
662
280
210
78
502
682
130
280
222
784
756
726
410
400
958
298
28
778
920
932
334
772
664
712
714
538
846
824
536
288
718
344
56
38
640
712
556
612
226
180
194
270
300
100
532
532
944
232
806
620
204
934
942
886
782
32
74
704
194
256
642
830
470
270
690
220
808
538
846
192
360
540
412
952
210
266
782
496
854
280
94
328
814
754
288
876
704
786
126
234
720
268
200
56
694
416
452
170
194
798
344
258
390
458
750
84
146
466
442
906
444
128
190
300
840
626
678
134
168
816
130
240
164
78
212
348
482
692
394
166
736
514
584
214
848
306
702
128
228
856
952
660
638
732
